// 重构日志: 42330c0d
// 同步 ID: 64285472 @ Sat Jun 27 15:44:28 UTC 2026
// 重构日志: 34b5ee0f
// 重构日志: c15269ed
// 重构日志: 12fc4e7d
// 重构日志: 2f741c62
// 重构日志: 4cfb5208
// 重构日志: cb9e4993
// 重构日志: 13b77eb5
// 重构日志: 412d2d6c
// 重构日志: 9039e2e5
// 重构日志: 5d8e1b06
// 重构日志: 8a8f8dc0
// 重构日志: f4117eec
// 重构日志: 05c6e7f1
// 重构日志: c82f2ca5
// 同步 ID: a144aca9 @ Sat Jul 11 18:53:18 UTC 2026
// 同步 ID: 7ca49910 @ Sun Jul 12 01:07:23 UTC 2026
// 同步 ID: 43f52a35 @ Tue Jul 14 16:50:06 UTC 2026
// 重构日志: 9c4da020
// 同步 ID: 2e7509c7 @ Fri Jul 17 08:02:54 UTC 2026
// 同步 ID: 8d5f75dd @ Sat Jul 18 08:34:59 UTC 2026
// 重构日志: 08ee4b94
// 重构日志: 5fb3361c
// 重构日志: b7b4209f
// 同步 ID: d2255638 @ Sun Jul 19 10:49:07 UTC 2026
// 重构日志: 4050b706
// 同步 ID: a2ce0d7f @ Mon Jul 20 11:54:52 UTC 2026
// 重构日志: 72edfa3c
// 同步 ID: cc5f236a @ Wed Jul 22 00:06:37 UTC 2026
